<?xml version="1.0" encoding="UTF-8"?>
<testsuites name="Test Listeners Test Suite" time="1" tests="1" failures="0" errors="0">
   <testsuite name="Test Listeners Test Suite" tests="1" failures="0" errors="0" time="1" timestamp="2019-05-11 22:22:20" hostname="BappY - Toruk-Macto" id="Test Suites/Listeners Test/Test Listeners Test Suite">
      <properties>
         <property name="deviceName" value=""/>
         <property name="devicePlatform" value=""/>
         <property name="logFolder" value="E:\\Katalon Studio Safe Space\\Execution Profile Sample Project\\Reports\\Listeners Test\\Test Listeners Test Suite\\20190511_222218"/>
         <property name="logFiles" value="E:\\Katalon Studio Safe Space\\Execution Profile Sample Project\\Reports\\Listeners Test\\Test Listeners Test Suite\\20190511_222218\\execution0.log"/>
         <property name="attachments" value=""/>
         <property name="hostName" value="BappY - Toruk-Macto"/>
         <property name="hostAddress" value="10.244.50.2"/>
         <property name="os" value="Windows 10 64bit"/>
         <property name="katalonVersion" value="6.0.4.7"/>
      </properties>
      <testcase name="Test Cases/TestNG Listeners/Trying Listeners" classname="Test Cases/TestNG Listeners/Trying Listeners" status="PASSED">
         <system-out><![CDATA[2019-05-11 22:22:21 - [TEST_CASE][PASSED] - Test Cases/TestNG Listeners/Trying Listeners: Test Cases/TestNG Listeners/Trying Listeners

2019-05-11 22:22:21 - [TEST_STEP][PASSED] - Start listener action : myBeforeTestSample: null

2019-05-11 22:22:21 - [TEST_STEP][PASSED] - println("  Inside myBeforeTestSample  "): null

2019-05-11 22:22:21 - [TEST_STEP][PASSED] - Start listener action : sampleBeforeTestCase: null

2019-05-11 22:22:21 - [TEST_STEP][PASSED] - println(testCaseContext.getTestCaseId()): null

2019-05-11 22:22:21 - [TEST_STEP][PASSED] - println(testCaseContext.getTestCaseVariables()): null

2019-05-11 22:22:21 - [TEST_STEP][PASSED] - Start setup action : mySetUpTestCase: Method 'mySetUpTestCase' complete successfully

2019-05-11 22:22:21 - [TEST_STEP][PASSED] - println(" Insisde mySetUpTestCase "): null

2019-05-11 22:22:21 - [MESSAGE][PASSED] - Method 'mySetUpTestCase' complete successfully

2019-05-11 22:22:21 - [TEST_STEP][PASSED] - println(" 
 .....Just A Print Statement..... 
"): null

2019-05-11 22:22:21 - [TEST_STEP][PASSED] - Start tear down : myTearDownTestCase: Method 'myTearDownTestCase' complete successfully

2019-05-11 22:22:21 - [TEST_STEP][PASSED] - println(" Insisde myTearDownTestCase "): null

2019-05-11 22:22:21 - [MESSAGE][PASSED] - Method 'myTearDownTestCase' complete successfully

2019-05-11 22:22:21 - [TEST_STEP][PASSED] - Start listener action : sampleAfterTestCase: null

2019-05-11 22:22:21 - [TEST_STEP][PASSED] - println(testCaseContext.getTestCaseId()): null

2019-05-11 22:22:21 - [TEST_STEP][PASSED] - println(testCaseContext.getTestCaseStatus()): null

2019-05-11 22:22:21 - [TEST_STEP][PASSED] - Start listener action : myAfterTestSample: null

2019-05-11 22:22:21 - [TEST_STEP][PASSED] - println("  Inside myAfterTestSample  "): null]]></system-out>
         <system-err><![CDATA[]]></system-err>
      </testcase>
      <system-out><![CDATA[2019-05-11 22:22:20 - [TEST_SUITE][PASSED] - Test Listeners Test Suite: Test Cases/TestNG Listeners/Trying Listeners]]></system-out>
      <system-err><![CDATA[]]></system-err>
   </testsuite>
</testsuites>
