<?xml version="1.0" encoding="UTF-8"?>
<testsuites name="Test Suite Data Driven" time="57" tests="5" failures="0" errors="0">
   <testsuite name="Test Suite Data Driven" tests="5" failures="0" errors="0" time="57" timestamp="2019-05-07 20:55:38" hostname="BappY - Toruk-Macto" id="Test Suites/Data Driven/Test Suite Data Driven">
      <properties>
         <property name="deviceName" value=""/>
         <property name="devicePlatform" value=""/>
         <property name="logFolder" value="E:\\Katalon Studio Safe Space\\Execution Profile Sample Project\\Reports\\Data Driven\\Test Suite Data Driven\\20190507_205535"/>
         <property name="logFiles" value="E:\\Katalon Studio Safe Space\\Execution Profile Sample Project\\Reports\\Data Driven\\Test Suite Data Driven\\20190507_205535\\execution0.log"/>
         <property name="attachments" value=""/>
         <property name="hostName" value="BappY - Toruk-Macto"/>
         <property name="os" value="Windows 10 64bit"/>
         <property name="katalonVersion" value="6.0.4.7"/>
         <property name="browser" value="Chrome 74.0.3729.131"/>
         <property name="hostAddress" value="10.244.50.2"/>
         <property name="sessionId" value="9feb9798163a5b8fcb4ebd0952acb700"/>
         <property name="seleniumVersion" value="3.7.1"/>
         <property name="proxyInformation" value="ProxyInformation{proxyOption=NO_PROXY, proxyServerType=HTTP, password=, proxyServerAddress=, proxyServerPort=0}"/>
         <property name="platform" value="Windows 10"/>
      </properties>
      <testcase name="Test Cases/Using Data From Files/Test Case Data Driven" classname="Test Cases/Using Data From Files/Test Case Data Driven" status="PASSED">
         <system-out><![CDATA[2019-05-07 20:55:38 - [TEST_CASE][PASSED] - Test Cases/Using Data From Files/Test Case Data Driven: Test Cases/Using Data From Files/Test Case Data Driven

2019-05-07 20:55:39 - [TEST_STEP][PASSED] - openBrowser(""): Browser is opened with url: ''

2019-05-07 20:55:39 - [MESSAGE][INFO] - Starting 'Chrome' driver

2019-05-07 20:55:39 - [MESSAGE][INFO] - Action delay is set to 0 seconds

2019-05-07 20:55:43 - [MESSAGE][PASSED] - Browser is opened with url: ''

2019-05-07 20:55:43 - [TEST_STEP][PASSED] - navigateToUrl("https://opensource-demo.orangehrmlive.com/login"): Navigate to 'https://opensource-demo.orangehrmlive.com/login' successfully

2019-05-07 20:55:48 - [MESSAGE][PASSED] - Navigate to 'https://opensource-demo.orangehrmlive.com/login' successfully

2019-05-07 20:55:48 - [TEST_STEP][PASSED] - click(findTestObject("Object Repository/Object Locators/Page_OrangeHRM/span_Username")): Object: 'Object Repository/Object Locators/Page_OrangeHRM/span_Username' is clicked on

2019-05-07 20:55:48 - [MESSAGE][PASSED] - Object: 'Object Repository/Object Locators/Page_OrangeHRM/span_Username' is clicked on

2019-05-07 20:55:48 - [TEST_STEP][PASSED] - setText(findTestObject("Object Repository/Object Locators/Page_OrangeHRM/input_LOGIN Panel_txtUsername"), UserName): Text 'Admin' is set on object 'Object Repository/Object Locators/Page_OrangeHRM/input_LOGIN Panel_txtUsername'

2019-05-07 20:55:48 - [MESSAGE][PASSED] - Text 'Admin' is set on object 'Object Repository/Object Locators/Page_OrangeHRM/input_LOGIN Panel_txtUsername'

2019-05-07 20:55:48 - [TEST_STEP][PASSED] - setText(findTestObject("Object Repository/Object Locators/Page_OrangeHRM/input_Username_txtPassword"), UserPassword): Text 'admin123' is set on object 'Object Repository/Object Locators/Page_OrangeHRM/input_Username_txtPassword'

2019-05-07 20:55:48 - [MESSAGE][PASSED] - Text 'admin123' is set on object 'Object Repository/Object Locators/Page_OrangeHRM/input_Username_txtPassword'

2019-05-07 20:55:48 - [TEST_STEP][PASSED] - click(findTestObject("Object Repository/Object Locators/Page_OrangeHRM/input_Password_Submit")): Object: 'Object Repository/Object Locators/Page_OrangeHRM/input_Password_Submit' is clicked on

2019-05-07 20:55:53 - [MESSAGE][PASSED] - Object: 'Object Repository/Object Locators/Page_OrangeHRM/input_Password_Submit' is clicked on

2019-05-07 20:55:53 - [TEST_STEP][PASSED] - closeBrowser(): Browser is closed

2019-05-07 20:55:54 - [MESSAGE][PASSED] - Browser is closed]]></system-out>
         <system-err><![CDATA[]]></system-err>
      </testcase>
      <testcase name="Test Cases/Using Data From Files/Test Case Data Driven" classname="Test Cases/Using Data From Files/Test Case Data Driven" status="PASSED">
         <system-out><![CDATA[2019-05-07 20:55:54 - [TEST_CASE][PASSED] - Test Cases/Using Data From Files/Test Case Data Driven: Test Cases/Using Data From Files/Test Case Data Driven

2019-05-07 20:55:54 - [TEST_STEP][PASSED] - openBrowser(""): Browser is opened with url: ''

2019-05-07 20:55:54 - [MESSAGE][INFO] - Starting 'Chrome' driver

2019-05-07 20:55:56 - [MESSAGE][PASSED] - Browser is opened with url: ''

2019-05-07 20:55:56 - [TEST_STEP][PASSED] - navigateToUrl("https://opensource-demo.orangehrmlive.com/login"): Navigate to 'https://opensource-demo.orangehrmlive.com/login' successfully

2019-05-07 20:56:02 - [MESSAGE][PASSED] - Navigate to 'https://opensource-demo.orangehrmlive.com/login' successfully

2019-05-07 20:56:02 - [TEST_STEP][PASSED] - click(findTestObject("Object Repository/Object Locators/Page_OrangeHRM/span_Username")): Object: 'Object Repository/Object Locators/Page_OrangeHRM/span_Username' is clicked on

2019-05-07 20:56:02 - [MESSAGE][PASSED] - Object: 'Object Repository/Object Locators/Page_OrangeHRM/span_Username' is clicked on

2019-05-07 20:56:02 - [TEST_STEP][PASSED] - setText(findTestObject("Object Repository/Object Locators/Page_OrangeHRM/input_LOGIN Panel_txtUsername"), UserName): Text 'Admin2' is set on object 'Object Repository/Object Locators/Page_OrangeHRM/input_LOGIN Panel_txtUsername'

2019-05-07 20:56:02 - [MESSAGE][PASSED] - Text 'Admin2' is set on object 'Object Repository/Object Locators/Page_OrangeHRM/input_LOGIN Panel_txtUsername'

2019-05-07 20:56:02 - [TEST_STEP][PASSED] - setText(findTestObject("Object Repository/Object Locators/Page_OrangeHRM/input_Username_txtPassword"), UserPassword): Text 'admin1234' is set on object 'Object Repository/Object Locators/Page_OrangeHRM/input_Username_txtPassword'

2019-05-07 20:56:02 - [MESSAGE][PASSED] - Text 'admin1234' is set on object 'Object Repository/Object Locators/Page_OrangeHRM/input_Username_txtPassword'

2019-05-07 20:56:02 - [TEST_STEP][PASSED] - click(findTestObject("Object Repository/Object Locators/Page_OrangeHRM/input_Password_Submit")): Object: 'Object Repository/Object Locators/Page_OrangeHRM/input_Password_Submit' is clicked on

2019-05-07 20:56:03 - [MESSAGE][PASSED] - Object: 'Object Repository/Object Locators/Page_OrangeHRM/input_Password_Submit' is clicked on

2019-05-07 20:56:03 - [TEST_STEP][PASSED] - closeBrowser(): Browser is closed

2019-05-07 20:56:03 - [MESSAGE][PASSED] - Browser is closed]]></system-out>
         <system-err><![CDATA[]]></system-err>
      </testcase>
      <testcase name="Test Cases/Using Data From Files/Test Case Data Driven" classname="Test Cases/Using Data From Files/Test Case Data Driven" status="PASSED">
         <system-out><![CDATA[2019-05-07 20:56:03 - [TEST_CASE][PASSED] - Test Cases/Using Data From Files/Test Case Data Driven: Test Cases/Using Data From Files/Test Case Data Driven

2019-05-07 20:56:03 - [TEST_STEP][PASSED] - openBrowser(""): Browser is opened with url: ''

2019-05-07 20:56:03 - [MESSAGE][INFO] - Starting 'Chrome' driver

2019-05-07 20:56:06 - [MESSAGE][PASSED] - Browser is opened with url: ''

2019-05-07 20:56:06 - [TEST_STEP][PASSED] - navigateToUrl("https://opensource-demo.orangehrmlive.com/login"): Navigate to 'https://opensource-demo.orangehrmlive.com/login' successfully

2019-05-07 20:56:11 - [MESSAGE][PASSED] - Navigate to 'https://opensource-demo.orangehrmlive.com/login' successfully

2019-05-07 20:56:11 - [TEST_STEP][PASSED] - click(findTestObject("Object Repository/Object Locators/Page_OrangeHRM/span_Username")): Object: 'Object Repository/Object Locators/Page_OrangeHRM/span_Username' is clicked on

2019-05-07 20:56:11 - [MESSAGE][PASSED] - Object: 'Object Repository/Object Locators/Page_OrangeHRM/span_Username' is clicked on

2019-05-07 20:56:11 - [TEST_STEP][PASSED] - setText(findTestObject("Object Repository/Object Locators/Page_OrangeHRM/input_LOGIN Panel_txtUsername"), UserName): Text 'Admin 3' is set on object 'Object Repository/Object Locators/Page_OrangeHRM/input_LOGIN Panel_txtUsername'

2019-05-07 20:56:11 - [MESSAGE][PASSED] - Text 'Admin 3' is set on object 'Object Repository/Object Locators/Page_OrangeHRM/input_LOGIN Panel_txtUsername'

2019-05-07 20:56:11 - [TEST_STEP][PASSED] - setText(findTestObject("Object Repository/Object Locators/Page_OrangeHRM/input_Username_txtPassword"), UserPassword): Text 'admin12344' is set on object 'Object Repository/Object Locators/Page_OrangeHRM/input_Username_txtPassword'

2019-05-07 20:56:12 - [MESSAGE][PASSED] - Text 'admin12344' is set on object 'Object Repository/Object Locators/Page_OrangeHRM/input_Username_txtPassword'

2019-05-07 20:56:12 - [TEST_STEP][PASSED] - click(findTestObject("Object Repository/Object Locators/Page_OrangeHRM/input_Password_Submit")): Object: 'Object Repository/Object Locators/Page_OrangeHRM/input_Password_Submit' is clicked on

2019-05-07 20:56:12 - [MESSAGE][PASSED] - Object: 'Object Repository/Object Locators/Page_OrangeHRM/input_Password_Submit' is clicked on

2019-05-07 20:56:12 - [TEST_STEP][PASSED] - closeBrowser(): Browser is closed

2019-05-07 20:56:13 - [MESSAGE][PASSED] - Browser is closed]]></system-out>
         <system-err><![CDATA[]]></system-err>
      </testcase>
      <testcase name="Test Cases/Using Data From Files/Test Case Data Driven" classname="Test Cases/Using Data From Files/Test Case Data Driven" status="PASSED">
         <system-out><![CDATA[2019-05-07 20:56:13 - [TEST_CASE][PASSED] - Test Cases/Using Data From Files/Test Case Data Driven: Test Cases/Using Data From Files/Test Case Data Driven

2019-05-07 20:56:13 - [TEST_STEP][PASSED] - openBrowser(""): Browser is opened with url: ''

2019-05-07 20:56:13 - [MESSAGE][INFO] - Starting 'Chrome' driver

2019-05-07 20:56:16 - [MESSAGE][PASSED] - Browser is opened with url: ''

2019-05-07 20:56:16 - [TEST_STEP][PASSED] - navigateToUrl("https://opensource-demo.orangehrmlive.com/login"): Navigate to 'https://opensource-demo.orangehrmlive.com/login' successfully

2019-05-07 20:56:24 - [MESSAGE][PASSED] - Navigate to 'https://opensource-demo.orangehrmlive.com/login' successfully

2019-05-07 20:56:24 - [TEST_STEP][PASSED] - click(findTestObject("Object Repository/Object Locators/Page_OrangeHRM/span_Username")): Object: 'Object Repository/Object Locators/Page_OrangeHRM/span_Username' is clicked on

2019-05-07 20:56:24 - [MESSAGE][PASSED] - Object: 'Object Repository/Object Locators/Page_OrangeHRM/span_Username' is clicked on

2019-05-07 20:56:24 - [TEST_STEP][PASSED] - setText(findTestObject("Object Repository/Object Locators/Page_OrangeHRM/input_LOGIN Panel_txtUsername"), UserName): Text 'Admin 4' is set on object 'Object Repository/Object Locators/Page_OrangeHRM/input_LOGIN Panel_txtUsername'

2019-05-07 20:56:25 - [MESSAGE][PASSED] - Text 'Admin 4' is set on object 'Object Repository/Object Locators/Page_OrangeHRM/input_LOGIN Panel_txtUsername'

2019-05-07 20:56:25 - [TEST_STEP][PASSED] - setText(findTestObject("Object Repository/Object Locators/Page_OrangeHRM/input_Username_txtPassword"), UserPassword): Text 'admin12344' is set on object 'Object Repository/Object Locators/Page_OrangeHRM/input_Username_txtPassword'

2019-05-07 20:56:25 - [MESSAGE][PASSED] - Text 'admin12344' is set on object 'Object Repository/Object Locators/Page_OrangeHRM/input_Username_txtPassword'

2019-05-07 20:56:25 - [TEST_STEP][PASSED] - click(findTestObject("Object Repository/Object Locators/Page_OrangeHRM/input_Password_Submit")): Object: 'Object Repository/Object Locators/Page_OrangeHRM/input_Password_Submit' is clicked on

2019-05-07 20:56:25 - [MESSAGE][PASSED] - Object: 'Object Repository/Object Locators/Page_OrangeHRM/input_Password_Submit' is clicked on

2019-05-07 20:56:25 - [TEST_STEP][PASSED] - closeBrowser(): Browser is closed

2019-05-07 20:56:26 - [MESSAGE][PASSED] - Browser is closed]]></system-out>
         <system-err><![CDATA[]]></system-err>
      </testcase>
      <testcase name="Test Cases/Using Data From Files/Test Case Data Driven" classname="Test Cases/Using Data From Files/Test Case Data Driven" status="PASSED">
         <system-out><![CDATA[2019-05-07 20:56:26 - [TEST_CASE][PASSED] - Test Cases/Using Data From Files/Test Case Data Driven: Test Cases/Using Data From Files/Test Case Data Driven

2019-05-07 20:56:26 - [TEST_STEP][PASSED] - openBrowser(""): Browser is opened with url: ''

2019-05-07 20:56:26 - [MESSAGE][INFO] - Starting 'Chrome' driver

2019-05-07 20:56:29 - [MESSAGE][PASSED] - Browser is opened with url: ''

2019-05-07 20:56:29 - [TEST_STEP][PASSED] - navigateToUrl("https://opensource-demo.orangehrmlive.com/login"): Navigate to 'https://opensource-demo.orangehrmlive.com/login' successfully

2019-05-07 20:56:34 - [MESSAGE][PASSED] - Navigate to 'https://opensource-demo.orangehrmlive.com/login' successfully

2019-05-07 20:56:34 - [TEST_STEP][PASSED] - click(findTestObject("Object Repository/Object Locators/Page_OrangeHRM/span_Username")): Object: 'Object Repository/Object Locators/Page_OrangeHRM/span_Username' is clicked on

2019-05-07 20:56:34 - [MESSAGE][PASSED] - Object: 'Object Repository/Object Locators/Page_OrangeHRM/span_Username' is clicked on

2019-05-07 20:56:34 - [TEST_STEP][PASSED] - setText(findTestObject("Object Repository/Object Locators/Page_OrangeHRM/input_LOGIN Panel_txtUsername"), UserName): Text 'Admin 5' is set on object 'Object Repository/Object Locators/Page_OrangeHRM/input_LOGIN Panel_txtUsername'

2019-05-07 20:56:34 - [MESSAGE][PASSED] - Text 'Admin 5' is set on object 'Object Repository/Object Locators/Page_OrangeHRM/input_LOGIN Panel_txtUsername'

2019-05-07 20:56:34 - [TEST_STEP][PASSED] - setText(findTestObject("Object Repository/Object Locators/Page_OrangeHRM/input_Username_txtPassword"), UserPassword): Text 'admin12345' is set on object 'Object Repository/Object Locators/Page_OrangeHRM/input_Username_txtPassword'

2019-05-07 20:56:34 - [MESSAGE][PASSED] - Text 'admin12345' is set on object 'Object Repository/Object Locators/Page_OrangeHRM/input_Username_txtPassword'

2019-05-07 20:56:34 - [TEST_STEP][PASSED] - click(findTestObject("Object Repository/Object Locators/Page_OrangeHRM/input_Password_Submit")): Object: 'Object Repository/Object Locators/Page_OrangeHRM/input_Password_Submit' is clicked on

2019-05-07 20:56:35 - [MESSAGE][PASSED] - Object: 'Object Repository/Object Locators/Page_OrangeHRM/input_Password_Submit' is clicked on

2019-05-07 20:56:35 - [TEST_STEP][PASSED] - closeBrowser(): Browser is closed

2019-05-07 20:56:36 - [MESSAGE][PASSED] - Browser is closed]]></system-out>
         <system-err><![CDATA[]]></system-err>
      </testcase>
      <system-out><![CDATA[2019-05-07 20:55:38 - [TEST_SUITE][PASSED] - Test Suite Data Driven: Test Cases/Using Data From Files/Test Case Data Driven]]></system-out>
      <system-err><![CDATA[]]></system-err>
   </testsuite>
</testsuites>
